Start testing: Nov 20 20:14 UTC
----------------------------------------------------------
1/1 Testing: boostUnitTestsRun
1/1 Test: boostUnitTestsRun
Command: "/home/mint/Documents/Liniowe/Debug/tests/aisdiLinearTests"
Directory: /home/mint/Documents/Liniowe/Debug/tests
"boostUnitTestsRun" start time: Nov 20 20:14 UTC
Output:
----------------------------------------------------------
Running 512 test cases...

*** No errors detected
<end of output>
Test time =   0.10 sec
----------------------------------------------------------
Test Passed.
"boostUnitTestsRun" end time: Nov 20 20:14 UTC
"boostUnitTestsRun" time elapsed: 00:00:00
----------------------------------------------------------

End testing: Nov 20 20:14 UTC
